<?xml version="1.0" encoding="UTF-8"?>
<testng-results skipped="0" failed="0" total="1" passed="1">
  <reporter-output>
  </reporter-output>
  <suite name="mx.bbv.alerts.services.AlertsDataServiceTest" duration-ms="5037" started-at="2015-07-10T17:03:13Z" finished-at="2015-07-10T17:03:18Z">
    <groups>
    </groups>
    <test name="Command line test" duration-ms="5037" started-at="2015-07-10T17:03:13Z" finished-at="2015-07-10T17:03:18Z">
      <class name="mx.bbv.alerts.services.AlertsDataServiceTest">
        <test-method status="PASS" signature="setup()" name="setup" is-config="true" duration-ms="4991" started-at="2015-07-10T17:03:13Z" finished-at="2015-07-10T17:03:18Z">
        </test-method>
        <test-method status="PASS" signature="saveRelevantesTest()" name="saveRelevantesTest" duration-ms="40" started-at="2015-07-10T17:03:18Z" finished-at="2015-07-10T17:03:18Z">
        </test-method>
      </class>
    </test>
  </suite>
</testng-results>
