<?xml version="1.0" encoding="UTF-8"?>
<testng-results skipped="0" failed="0" total="1" passed="1">
  <reporter-output>
  </reporter-output>
  <suite name="mx.bbv.alertas.jms.RabbitMQTest" duration-ms="185483" started-at="2015-06-11T12:56:36Z" finished-at="2015-06-11T12:59:42Z">
    <groups>
    </groups>
    <test name="Command line test" duration-ms="185483" started-at="2015-06-11T12:56:36Z" finished-at="2015-06-11T12:59:42Z">
      <class name="mx.bbv.alertas.jms.RabbitMQTest">
        <test-method status="PASS" signature="setup()" name="setup" is-config="true" duration-ms="5267" started-at="2015-06-11T12:56:36Z" finished-at="2015-06-11T12:56:41Z">
        </test-method>
        <test-method status="PASS" signature="pushAlertFileTest()" name="pushAlertFileTest" duration-ms="180208" started-at="2015-06-11T12:56:41Z" finished-at="2015-06-11T12:59:42Z">
        </test-method>
      </class>
    </test>
  </suite>
</testng-results>
